{"/Users/usuario/Documents/DWEC/React/03-gifs-app/src/GifsApp.tsx": {"path":"/Users/usuario/Documents/DWEC/React/03-gifs-app/src/GifsApp.tsx","statementMap":{"0":{"start":{"line":7,"column":23},"end":{"line":34,"column":null}},"1":{"start":{"line":8,"column":64},"end":{"line":8,"column":null}},"2":{"start":{"line":10,"column":2},"end":{"line":31,"column":null}}},"fnMap":{"0":{"name":"(anonymous_0)","decl":{"start":{"line":7,"column":23},"end":{"line":7,"column":null}},"loc":{"start":{"line":7,"column":23},"end":{"line":34,"column":null}},"line":7}},"branchMap":{},"s":{"0":1,"1":1,"2":1},"f":{"0":1},"b":{},"meta":{"lastBranch":0,"lastFunction":1,"lastStatement":3,"seen":{"s:7:23:34:Infinity":0,"f:7:23:7:Infinity":0,"s:8:64:8:Infinity":1,"s:10:2:31:Infinity":2}}}
,"/Users/usuario/Documents/DWEC/React/03-gifs-app/src/counter/components/MyCounterApp.tsx": {"path":"/Users/usuario/Documents/DWEC/React/03-gifs-app/src/counter/components/MyCounterApp.tsx","statementMap":{"0":{"start":{"line":3,"column":28},"end":{"line":19,"column":null}},"1":{"start":{"line":4,"column":59},"end":{"line":4,"column":null}},"2":{"start":{"line":6,"column":2},"end":{"line":15,"column":null}}},"fnMap":{"0":{"name":"(anonymous_0)","decl":{"start":{"line":3,"column":28},"end":{"line":3,"column":null}},"loc":{"start":{"line":3,"column":28},"end":{"line":19,"column":null}},"line":3}},"branchMap":{},"s":{"0":2,"1":7,"2":7},"f":{"0":7},"b":{},"meta":{"lastBranch":0,"lastFunction":1,"lastStatement":3,"seen":{"s:3:28:19:Infinity":0,"f:3:28:3:Infinity":0,"s:4:59:4:Infinity":1,"s:6:2:15:Infinity":2}}}
,"/Users/usuario/Documents/DWEC/React/03-gifs-app/src/counter/hooks/useCounter.tsx": {"path":"/Users/usuario/Documents/DWEC/React/03-gifs-app/src/counter/hooks/useCounter.tsx","statementMap":{"0":{"start":{"line":4,"column":26},"end":{"line":18,"column":null}},"1":{"start":{"line":5,"column":29},"end":{"line":5,"column":null}},"2":{"start":{"line":7,"column":20},"end":{"line":7,"column":null}},"3":{"start":{"line":7,"column":26},"end":{"line":7,"column":null}},"4":{"start":{"line":8,"column":25},"end":{"line":8,"column":null}},"5":{"start":{"line":8,"column":31},"end":{"line":8,"column":null}},"6":{"start":{"line":8,"column":57},"end":{"line":8,"column":null}},"7":{"start":{"line":9,"column":22},"end":{"line":9,"column":null}},"8":{"start":{"line":9,"column":28},"end":{"line":9,"column":null}},"9":{"start":{"line":10,"column":2},"end":{"line":17,"column":null}}},"fnMap":{"0":{"name":"(anonymous_0)","decl":{"start":{"line":4,"column":26},"end":{"line":4,"column":28}},"loc":{"start":{"line":4,"column":53},"end":{"line":18,"column":null}},"line":4},"1":{"name":"(anonymous_1)","decl":{"start":{"line":7,"column":20},"end":{"line":7,"column":26}},"loc":{"start":{"line":7,"column":26},"end":{"line":7,"column":null}},"line":7},"2":{"name":"(anonymous_2)","decl":{"start":{"line":8,"column":25},"end":{"line":8,"column":31}},"loc":{"start":{"line":8,"column":31},"end":{"line":8,"column":null}},"line":8},"3":{"name":"(anonymous_3)","decl":{"start":{"line":8,"column":42},"end":{"line":8,"column":43}},"loc":{"start":{"line":8,"column":57},"end":{"line":8,"column":null}},"line":8},"4":{"name":"(anonymous_4)","decl":{"start":{"line":9,"column":22},"end":{"line":9,"column":28}},"loc":{"start":{"line":9,"column":28},"end":{"line":9,"column":null}},"line":9}},"branchMap":{"0":{"loc":{"start":{"line":4,"column":28},"end":{"line":4,"column":53}},"type":"default-arg","locations":[{"start":{"line":4,"column":51},"end":{"line":4,"column":53}}],"line":4}},"s":{"0":2,"1":14,"2":14,"3":2,"4":14,"5":5,"6":5,"7":14,"8":1,"9":14},"f":{"0":14,"1":2,"2":5,"3":5,"4":1},"b":{"0":[14]},"meta":{"lastBranch":1,"lastFunction":5,"lastStatement":10,"seen":{"s:4:26:18:Infinity":0,"f:4:26:4:28":0,"b:4:51:4:53":0,"s:5:29:5:Infinity":1,"s:7:20:7:Infinity":2,"f:7:20:7:26":1,"s:7:26:7:Infinity":3,"s:8:25:8:Infinity":4,"f:8:25:8:31":2,"s:8:31:8:Infinity":5,"f:8:42:8:43":3,"s:8:57:8:Infinity":6,"s:9:22:9:Infinity":7,"f:9:22:9:28":4,"s:9:28:9:Infinity":8,"s:10:2:17:Infinity":9}}}
,"/Users/usuario/Documents/DWEC/React/03-gifs-app/src/gifs/actions/get-gifs-by-query.action.ts": {"path":"/Users/usuario/Documents/DWEC/React/03-gifs-app/src/gifs/actions/get-gifs-by-query.action.ts","statementMap":{"0":{"start":{"line":7,"column":30},"end":{"line":33,"column":null}},"1":{"start":{"line":9,"column":4},"end":{"line":11,"column":null}},"2":{"start":{"line":10,"column":8},"end":{"line":10,"column":null}},"3":{"start":{"line":13,"column":4},"end":{"line":32,"column":null}},"4":{"start":{"line":14,"column":25},"end":{"line":19,"column":null}},"5":{"start":{"line":21,"column":8},"end":{"line":27,"column":null}},"6":{"start":{"line":21,"column":51},"end":{"line":27,"column":null}},"7":{"start":{"line":30,"column":8},"end":{"line":30,"column":null}},"8":{"start":{"line":31,"column":8},"end":{"line":31,"column":null}}},"fnMap":{"0":{"name":"(anonymous_0)","decl":{"start":{"line":7,"column":30},"end":{"line":7,"column":37}},"loc":{"start":{"line":7,"column":37},"end":{"line":33,"column":null}},"line":7},"1":{"name":"(anonymous_1)","decl":{"start":{"line":21,"column":38},"end":{"line":21,"column":51}},"loc":{"start":{"line":21,"column":51},"end":{"line":27,"column":null}},"line":21}},"branchMap":{"0":{"loc":{"start":{"line":9,"column":4},"end":{"line":11,"column":null}},"type":"if","locations":[{"start":{"line":9,"column":4},"end":{"line":11,"column":null}},{"start":{},"end":{}}],"line":9}},"s":{"0":3,"1":6,"2":1,"3":5,"4":5,"5":4,"6":40,"7":1,"8":1},"f":{"0":6,"1":40},"b":{"0":[1,5]},"meta":{"lastBranch":1,"lastFunction":2,"lastStatement":9,"seen":{"s:7:30:33:Infinity":0,"f:7:30:7:37":0,"b:9:4:11:Infinity:undefined:undefined:undefined:undefined":0,"s:9:4:11:Infinity":1,"s:10:8:10:Infinity":2,"s:13:4:32:Infinity":3,"s:14:25:19:Infinity":4,"s:21:8:27:Infinity":5,"f:21:38:21:51":1,"s:21:51:27:Infinity":6,"s:30:8:30:Infinity":7,"s:31:8:31:Infinity":8}}}
,"/Users/usuario/Documents/DWEC/React/03-gifs-app/src/gifs/api/giphy.api.tsx": {"path":"/Users/usuario/Documents/DWEC/React/03-gifs-app/src/gifs/api/giphy.api.tsx","statementMap":{"0":{"start":{"line":3,"column":24},"end":{"line":9,"column":null}}},"fnMap":{},"branchMap":{},"s":{"0":4},"f":{},"b":{},"meta":{"lastBranch":0,"lastFunction":0,"lastStatement":1,"seen":{"s:3:24:9:Infinity":0}}}
,"/Users/usuario/Documents/DWEC/React/03-gifs-app/src/gifs/components/GifList.tsx": {"path":"/Users/usuario/Documents/DWEC/React/03-gifs-app/src/gifs/components/GifList.tsx","statementMap":{"0":{"start":{"line":7,"column":23},"end":{"line":21,"column":null}},"1":{"start":{"line":8,"column":2},"end":{"line":11,"column":28}},"2":{"start":{"line":10,"column":19},"end":{"line":11,"column":28}}},"fnMap":{"0":{"name":"(anonymous_0)","decl":{"start":{"line":7,"column":23},"end":{"line":7,"column":24}},"loc":{"start":{"line":7,"column":37},"end":{"line":21,"column":null}},"line":7},"1":{"name":"(anonymous_1)","decl":{"start":{"line":10,"column":18},"end":{"line":10,"column":19}},"loc":{"start":{"line":10,"column":19},"end":{"line":11,"column":28}},"line":10}},"branchMap":{},"s":{"0":1,"1":1,"2":0},"f":{"0":1,"1":0},"b":{},"meta":{"lastBranch":0,"lastFunction":2,"lastStatement":3,"seen":{"s:7:23:21:Infinity":0,"f:7:23:7:24":0,"s:8:2:11:28":1,"f:10:18:10:19":1,"s:10:19:11:28":2}}}
,"/Users/usuario/Documents/DWEC/React/03-gifs-app/src/gifs/components/PreviousSearches.tsx": {"path":"/Users/usuario/Documents/DWEC/React/03-gifs-app/src/gifs/components/PreviousSearches.tsx","statementMap":{"0":{"start":{"line":7,"column":43},"end":{"line":20,"column":null}},"1":{"start":{"line":8,"column":2},"end":{"line":13,"column":25}},"2":{"start":{"line":12,"column":23},"end":{"line":13,"column":25}},"3":{"start":{"line":13,"column":40},"end":{"line":13,"column":null}}},"fnMap":{"0":{"name":"(anonymous_0)","decl":{"start":{"line":7,"column":43},"end":{"line":7,"column":44}},"loc":{"start":{"line":7,"column":72},"end":{"line":20,"column":null}},"line":7},"1":{"name":"(anonymous_1)","decl":{"start":{"line":12,"column":22},"end":{"line":12,"column":23}},"loc":{"start":{"line":12,"column":23},"end":{"line":13,"column":25}},"line":12},"2":{"name":"(anonymous_2)","decl":{"start":{"line":13,"column":34},"end":{"line":13,"column":40}},"loc":{"start":{"line":13,"column":40},"end":{"line":13,"column":null}},"line":13}},"branchMap":{},"s":{"0":1,"1":1,"2":0,"3":0},"f":{"0":1,"1":0,"2":0},"b":{},"meta":{"lastBranch":0,"lastFunction":3,"lastStatement":4,"seen":{"s:7:43:20:Infinity":0,"f:7:43:7:44":0,"s:8:2:13:25":1,"f:12:22:12:23":1,"s:12:23:13:25":2,"f:13:34:13:40":2,"s:13:40:13:Infinity":3}}}
,"/Users/usuario/Documents/DWEC/React/03-gifs-app/src/gifs/hooks/useGifs.tsx": {"path":"/Users/usuario/Documents/DWEC/React/03-gifs-app/src/gifs/hooks/useGifs.tsx","statementMap":{"0":{"start":{"line":9,"column":23},"end":{"line":48,"column":null}},"1":{"start":{"line":10,"column":23},"end":{"line":10,"column":null}},"2":{"start":{"line":11,"column":41},"end":{"line":11,"column":null}},"3":{"start":{"line":14,"column":8},"end":{"line":14,"column":null}},"4":{"start":{"line":16,"column":28},"end":{"line":24,"column":null}},"5":{"start":{"line":17,"column":4},"end":{"line":20,"column":null}},"6":{"start":{"line":18,"column":6},"end":{"line":18,"column":null}},"7":{"start":{"line":19,"column":6},"end":{"line":19,"column":null}},"8":{"start":{"line":21,"column":17},"end":{"line":21,"column":null}},"9":{"start":{"line":22,"column":4},"end":{"line":22,"column":null}},"10":{"start":{"line":23,"column":4},"end":{"line":23,"column":null}},"11":{"start":{"line":26,"column":23},"end":{"line":38,"column":null}},"12":{"start":{"line":28,"column":4},"end":{"line":28,"column":null}},"13":{"start":{"line":29,"column":4},"end":{"line":29,"column":null}},"14":{"start":{"line":29,"column":28},"end":{"line":29,"column":null}},"15":{"start":{"line":31,"column":4},"end":{"line":31,"column":null}},"16":{"start":{"line":31,"column":39},"end":{"line":31,"column":null}},"17":{"start":{"line":32,"column":4},"end":{"line":32,"column":null}},"18":{"start":{"line":34,"column":17},"end":{"line":34,"column":null}},"19":{"start":{"line":35,"column":4},"end":{"line":35,"column":null}},"20":{"start":{"line":37,"column":4},"end":{"line":37,"column":null}},"21":{"start":{"line":40,"column":2},"end":{"line":47,"column":null}}},"fnMap":{"0":{"name":"(anonymous_0)","decl":{"start":{"line":9,"column":23},"end":{"line":9,"column":null}},"loc":{"start":{"line":9,"column":23},"end":{"line":48,"column":null}},"line":9},"1":{"name":"(anonymous_1)","decl":{"start":{"line":16,"column":28},"end":{"line":16,"column":35}},"loc":{"start":{"line":16,"column":52},"end":{"line":24,"column":null}},"line":16},"2":{"name":"(anonymous_2)","decl":{"start":{"line":26,"column":23},"end":{"line":26,"column":30}},"loc":{"start":{"line":26,"column":30},"end":{"line":38,"column":null}},"line":26}},"branchMap":{"0":{"loc":{"start":{"line":16,"column":35},"end":{"line":16,"column":52}},"type":"default-arg","locations":[{"start":{"line":16,"column":50},"end":{"line":16,"column":52}}],"line":16},"1":{"loc":{"start":{"line":17,"column":4},"end":{"line":20,"column":null}},"type":"if","locations":[{"start":{"line":17,"column":4},"end":{"line":20,"column":null}},{"start":{},"end":{}}],"line":17},"2":{"loc":{"start":{"line":29,"column":4},"end":{"line":29,"column":null}},"type":"if","locations":[{"start":{"line":29,"column":4},"end":{"line":29,"column":null}},{"start":{},"end":{}}],"line":29},"3":{"loc":{"start":{"line":31,"column":4},"end":{"line":31,"column":null}},"type":"if","locations":[{"start":{"line":31,"column":4},"end":{"line":31,"column":null}},{"start":{},"end":{}}],"line":31}},"s":{"0":2,"1":18,"2":18,"3":18,"4":18,"5":3,"6":1,"7":1,"8":2,"9":2,"10":2,"11":18,"12":9,"13":9,"14":0,"15":9,"16":0,"17":9,"18":9,"19":9,"20":9,"21":18},"f":{"0":18,"1":3,"2":9},"b":{"0":[3],"1":[1,2],"2":[0,9],"3":[0,9]},"meta":{"lastBranch":4,"lastFunction":3,"lastStatement":22,"seen":{"s:9:23:48:Infinity":0,"f:9:23:9:Infinity":0,"s:10:23:10:Infinity":1,"s:11:41:11:Infinity":2,"s:14:8:14:Infinity":3,"s:16:28:24:Infinity":4,"f:16:28:16:35":1,"b:16:50:16:52":0,"b:17:4:20:Infinity:undefined:undefined:undefined:undefined":1,"s:17:4:20:Infinity":5,"s:18:6:18:Infinity":6,"s:19:6:19:Infinity":7,"s:21:17:21:Infinity":8,"s:22:4:22:Infinity":9,"s:23:4:23:Infinity":10,"s:26:23:38:Infinity":11,"f:26:23:26:30":2,"s:28:4:28:Infinity":12,"b:29:4:29:Infinity:undefined:undefined:undefined:undefined":2,"s:29:4:29:Infinity":13,"s:29:28:29:Infinity":14,"b:31:4:31:Infinity:undefined:undefined:undefined:undefined":3,"s:31:4:31:Infinity":15,"s:31:39:31:Infinity":16,"s:32:4:32:Infinity":17,"s:34:17:34:Infinity":18,"s:35:4:35:Infinity":19,"s:37:4:37:Infinity":20,"s:40:2:47:Infinity":21}}}
,"/Users/usuario/Documents/DWEC/React/03-gifs-app/src/shared/components/CustomHeader.tsx": {"path":"/Users/usuario/Documents/DWEC/React/03-gifs-app/src/shared/components/CustomHeader.tsx","statementMap":{"0":{"start":{"line":6,"column":28},"end":{"line":13,"column":null}},"1":{"start":{"line":7,"column":2},"end":{"line":10,"column":null}}},"fnMap":{"0":{"name":"(anonymous_0)","decl":{"start":{"line":6,"column":28},"end":{"line":6,"column":29}},"loc":{"start":{"line":6,"column":58},"end":{"line":13,"column":null}},"line":6}},"branchMap":{"0":{"loc":{"start":{"line":10,"column":7},"end":{"line":10,"column":null}},"type":"binary-expr","locations":[{"start":{"line":10,"column":7},"end":{"line":10,"column":22}},{"start":{"line":10,"column":7},"end":{"line":10,"column":null}}],"line":10}},"s":{"0":2,"1":4},"f":{"0":4},"b":{"0":[4,2]},"meta":{"lastBranch":1,"lastFunction":1,"lastStatement":2,"seen":{"s:6:28:13:Infinity":0,"f:6:28:6:29":0,"s:7:2:10:Infinity":1,"b:10:7:10:22:10:7:10:Infinity":0}}}
,"/Users/usuario/Documents/DWEC/React/03-gifs-app/src/shared/components/SearchBar.tsx": {"path":"/Users/usuario/Documents/DWEC/React/03-gifs-app/src/shared/components/SearchBar.tsx","statementMap":{"0":{"start":{"line":8,"column":25},"end":{"line":52,"column":null}},"1":{"start":{"line":9,"column":25},"end":{"line":9,"column":null}},"2":{"start":{"line":13,"column":2},"end":{"line":27,"column":24}},"3":{"start":{"line":15,"column":22},"end":{"line":20,"column":null}},"4":{"start":{"line":18,"column":6},"end":{"line":18,"column":null}},"5":{"start":{"line":19,"column":6},"end":{"line":19,"column":null}},"6":{"start":{"line":22,"column":4},"end":{"line":26,"column":null}},"7":{"start":{"line":25,"column":6},"end":{"line":25,"column":null}},"8":{"start":{"line":29,"column":23},"end":{"line":32,"column":null}},"9":{"start":{"line":30,"column":4},"end":{"line":30,"column":null}},"10":{"start":{"line":31,"column":4},"end":{"line":31,"column":null}},"11":{"start":{"line":34,"column":24},"end":{"line":38,"column":null}},"12":{"start":{"line":35,"column":4},"end":{"line":37,"column":null}},"13":{"start":{"line":36,"column":6},"end":{"line":36,"column":null}},"14":{"start":{"line":40,"column":2},"end":{"line":49,"column":null}},"15":{"start":{"line":46,"column":29},"end":{"line":46,"column":null}}},"fnMap":{"0":{"name":"(anonymous_0)","decl":{"start":{"line":8,"column":25},"end":{"line":8,"column":26}},"loc":{"start":{"line":8,"column":68},"end":{"line":52,"column":null}},"line":8},"1":{"name":"(anonymous_1)","decl":{"start":{"line":13,"column":12},"end":{"line":13,"column":null}},"loc":{"start":{"line":13,"column":12},"end":{"line":27,"column":5}},"line":13},"2":{"name":"(anonymous_2)","decl":{"start":{"line":15,"column":33},"end":{"line":15,"column":null}},"loc":{"start":{"line":15,"column":33},"end":{"line":20,"column":7}},"line":15},"3":{"name":"(anonymous_3)","decl":{"start":{"line":22,"column":11},"end":{"line":22,"column":null}},"loc":{"start":{"line":22,"column":11},"end":{"line":26,"column":null}},"line":22},"4":{"name":"(anonymous_4)","decl":{"start":{"line":29,"column":23},"end":{"line":29,"column":null}},"loc":{"start":{"line":29,"column":23},"end":{"line":32,"column":null}},"line":29},"5":{"name":"(anonymous_5)","decl":{"start":{"line":34,"column":24},"end":{"line":34,"column":25}},"loc":{"start":{"line":34,"column":25},"end":{"line":38,"column":null}},"line":34},"6":{"name":"(anonymous_6)","decl":{"start":{"line":46,"column":18},"end":{"line":46,"column":19}},"loc":{"start":{"line":46,"column":29},"end":{"line":46,"column":null}},"line":46}},"branchMap":{"0":{"loc":{"start":{"line":8,"column":28},"end":{"line":8,"column":50}},"type":"default-arg","locations":[{"start":{"line":8,"column":42},"end":{"line":8,"column":50}}],"line":8},"1":{"loc":{"start":{"line":35,"column":4},"end":{"line":37,"column":null}},"type":"if","locations":[{"start":{"line":35,"column":4},"end":{"line":37,"column":null}},{"start":{},"end":{}}],"line":35}},"s":{"0":2,"1":14,"2":14,"3":14,"4":2,"5":2,"6":14,"7":14,"8":14,"9":1,"10":1,"11":14,"12":0,"13":0,"14":14,"15":5},"f":{"0":14,"1":14,"2":2,"3":14,"4":1,"5":0,"6":5},"b":{"0":[14],"1":[0,0]},"meta":{"lastBranch":2,"lastFunction":7,"lastStatement":16,"seen":{"s:8:25:52:Infinity":0,"f:8:25:8:26":0,"b:8:42:8:50":0,"s:9:25:9:Infinity":1,"s:13:2:27:24":2,"f:13:12:13:Infinity":1,"s:15:22:20:Infinity":3,"f:15:33:15:Infinity":2,"s:18:6:18:Infinity":4,"s:19:6:19:Infinity":5,"s:22:4:26:Infinity":6,"f:22:11:22:Infinity":3,"s:25:6:25:Infinity":7,"s:29:23:32:Infinity":8,"f:29:23:29:Infinity":4,"s:30:4:30:Infinity":9,"s:31:4:31:Infinity":10,"s:34:24:38:Infinity":11,"f:34:24:34:25":5,"b:35:4:37:Infinity:undefined:undefined:undefined:undefined":1,"s:35:4:37:Infinity":12,"s:36:6:36:Infinity":13,"s:40:2:49:Infinity":14,"f:46:18:46:19":6,"s:46:29:46:Infinity":15}}}
,"/Users/usuario/Documents/DWEC/React/03-gifs-app/src/tests/mock/giphy.response.data.ts": {"path":"/Users/usuario/Documents/DWEC/React/03-gifs-app/src/tests/mock/giphy.response.data.ts","statementMap":{"0":{"start":{"line":1,"column":39},"end":{"line":2010,"column":null}}},"fnMap":{},"branchMap":{},"s":{"0":1},"f":{},"b":{},"meta":{"lastBranch":0,"lastFunction":0,"lastStatement":1,"seen":{"s:1:39:2010:Infinity":0}}}
}
